***** https://www.usthb.dz/ *****
recorded at 2023-09-27 13:54:52.135544
	
**text differences:

27
***** http://fmi.univ-tiaret.dz/ *****
recorded at 2023-09-27 13:54:58.630934
	
**text differences:

Mercredi - Sem. 39
7
Vincent de Paul
L
- Liste 1ére Année LMD Mathématiques
- Le résultat final du classement de la catégorie 20 % (L3 et M1) de la faculté FMI après recours.
	
**links differences:

http://fmi.univ-tiaret.dz//images/DeptMath/2023-2024/admin/L1_maths.pdf
***** https://www.usthb.dz/ *****
recorded at 2023-09-29 12:12:59.462270
	
**text differences:

29
***** https://www.univ-blida.dz/faculte-des-sciences/actualites/ *****
recorded at 2023-09-29 12:13:01.599280
	
**text differences:

Texte Réglementaire
Texte Réglementaire
	
**links differences:

https://www.univ-blida.dz/texte-reglementaire/
https://www.univ-blida.dz/texte-reglementaire/
***** https://www.univ-blida.dz/actualite/ *****
recorded at 2023-09-29 12:13:03.251432
	
**text differences:

Texte Réglementaire
Texte Réglementaire
	
**links differences:

https://www.univ-blida.dz/texte-reglementaire/
https://www.univ-blida.dz/texte-reglementaire/
***** http://fmi.univ-tiaret.dz/ *****
recorded at 2023-09-29 12:13:04.474295
	
**text differences:

Vendredi - Sem. 39
9
Michel
N
